> Executing step 0
>> Running router on bsd.trips.xml
>>> Begin time: 2021-07-03 19:07:17.753402
>>> End time: 2021-07-03 19:07:24.152815
>>> Duration: 0:00:06.399413
<<
>> Running simulation
>>> Begin time: 2021-07-03 19:07:24.153816
>>> End time: 2021-07-03 19:07:32.882594
>>> Duration: 0:00:08.728778
<<
< Step 0 ended (duration: 0:00:15.129192)
------------------

> Executing step 1
>> Running router on 0\bsd_000.rou.alt.xml
>>> Begin time: 2021-07-03 19:07:32.883594
>>> End time: 2021-07-03 19:07:39.072067
>>> Duration: 0:00:06.188473
<<
>> Running simulation
>>> Begin time: 2021-07-03 19:07:39.072067
>>> End time: 2021-07-03 19:07:47.833715
>>> Duration: 0:00:08.761648
<<
< Step 1 ended (duration: 0:00:14.950121)
------------------

> Executing step 2
>> Running router on 1\bsd_001.rou.alt.xml
>>> Begin time: 2021-07-03 19:07:47.834714
>>> End time: 2021-07-03 19:07:54.558753
>>> Duration: 0:00:06.724039
<<
>> Running simulation
>>> Begin time: 2021-07-03 19:07:54.558753
>>> End time: 2021-07-03 19:08:03.621445
>>> Duration: 0:00:09.062692
<<
< Step 2 ended (duration: 0:00:15.786731)
------------------

dua-iterate ended (duration: 0:00:45.868043)
