> Executing step 0
>> Running router on bsd.trips.xml
>>> Begin time: 2021-06-13 15:58:51.539065
>>> End time: 2021-06-13 15:59:06.120076
>>> Duration: 0:00:14.581011
<<
>> Running simulation
>>> Begin time: 2021-06-13 15:59:06.121076
>>> End time: 2021-06-13 15:59:27.266900
>>> Duration: 0:00:21.145824
<<
< Step 0 ended (duration: 0:00:35.729837)
------------------

> Executing step 1
>> Running router on 0\bsd_000.rou.alt.xml
>>> Begin time: 2021-06-13 15:59:27.273995
>>> End time: 2021-06-13 15:59:41.150265
>>> Duration: 0:00:13.876270
<<
>> Running simulation
>>> Begin time: 2021-06-13 15:59:41.151263
>>> End time: 2021-06-13 16:00:00.956008
>>> Duration: 0:00:19.804745
<<
< Step 1 ended (duration: 0:00:33.685110)
------------------

> Executing step 2
>> Running router on 1\bsd_001.rou.alt.xml
>>> Begin time: 2021-06-13 16:00:00.962008
>>> End time: 2021-06-13 16:00:16.975259
>>> Duration: 0:00:16.013251
<<
>> Running simulation
>>> Begin time: 2021-06-13 16:00:16.984235
>>> End time: 2021-06-13 16:00:35.277069
>>> Duration: 0:00:18.292834
<<
< Step 2 ended (duration: 0:00:34.322057)
------------------

> Executing step 3
>> Running router on 2\bsd_002.rou.alt.xml
>>> Begin time: 2021-06-13 16:00:35.291071
>>> End time: 2021-06-13 16:00:46.549497
>>> Duration: 0:00:11.258426
<<
>> Running simulation
>>> Begin time: 2021-06-13 16:00:46.557498
>>> End time: 2021-06-13 16:01:03.504848
>>> Duration: 0:00:16.947350
<<
< Step 3 ended (duration: 0:00:28.219777)
------------------

dua-iterate ended (duration: 0:02:11.977832)
