-------------------------------------------------------------------------------
['C:\\Program Files (x86)\\Eclipse\\Sumo\\bin\\duarouter', '-c', '0/iteration_000_bsd.duarcfg']
Loading configuration ... done.
Warning: Found root element 'trips' in file '0/../bsd.trips.xml' (expected 'routes').
Success.
-------------------------------------------------------------------------------
['C:\\Program Files (x86)\\Eclipse\\Sumo\\bin\\sumo', '-c', '0\\iteration_000.sumocfg']
Loading configuration ... done.
Loading net-file from '0\../BSD.net.xml' ... done (13238ms).
Loading additional-files from '0\dua_dump_000.add.xml' ... done (60ms).
Loading done.
Simulation version 1.8.0 started with time: 0.00
Simulation ended at time: 312.00
Reason: All vehicles have left the simulation.
Performance: 
 Duration: 0.40s
 Real time factor: 774.194
 UPS: 9282.878412
Vehicles: 
 Inserted: 29
 Running: 0
 Waiting: 0

-------------------------------------------------------------------------------
['C:\\Program Files (x86)\\Eclipse\\Sumo\\bin\\duarouter', '-c', '1/iteration_001_bsd_000.duarcfg']
Loading configuration ... done.
Success.
-------------------------------------------------------------------------------
['C:\\Program Files (x86)\\Eclipse\\Sumo\\bin\\sumo', '-c', '1\\iteration_001.sumocfg']
Loading configuration ... done.
Loading net-file from '1\../BSD.net.xml' ... done (12576ms).
Loading additional-files from '1\dua_dump_001.add.xml' ... done (43ms).
Loading done.
Simulation version 1.8.0 started with time: 0.00
Simulation ended at time: 312.00
Reason: All vehicles have left the simulation.
Performance: 
 Duration: 0.27s
 Real time factor: 1172.93
 UPS: 13917.293233
Vehicles: 
 Inserted: 29
 Running: 0
 Waiting: 0

-------------------------------------------------------------------------------
['C:\\Program Files (x86)\\Eclipse\\Sumo\\bin\\duarouter', '-c', '2/iteration_002_bsd_001.duarcfg']
Loading configuration ... done.
Success.
-------------------------------------------------------------------------------
['C:\\Program Files (x86)\\Eclipse\\Sumo\\bin\\sumo', '-c', '2\\iteration_002.sumocfg']
Loading configuration ... done.
Loading net-file from '2\../BSD.net.xml' ... done (12241ms).
Loading additional-files from '2\dua_dump_002.add.xml' ... done (64ms).
Loading done.
Simulation version 1.8.0 started with time: 0.00
Simulation ended at time: 312.00
Reason: All vehicles have left the simulation.
Performance: 
 Duration: 0.34s
 Real time factor: 931.343
 UPS: 11050.746269
Vehicles: 
 Inserted: 29
 Running: 0
 Waiting: 0

-------------------------------------------------------------------------------
['C:\\Program Files (x86)\\Eclipse\\Sumo\\bin\\duarouter', '-c', '3/iteration_003_bsd_002.duarcfg']
Loading configuration ... done.
Success.
-------------------------------------------------------------------------------
['C:\\Program Files (x86)\\Eclipse\\Sumo\\bin\\sumo', '-c', '3\\iteration_003.sumocfg']
Loading configuration ... done.
Loading net-file from '3\../BSD.net.xml' ... done (9247ms).
Loading additional-files from '3\dua_dump_003.add.xml' ... done (64ms).
Loading done.
Simulation version 1.8.0 started with time: 0.00
Simulation ended at time: 312.00
Reason: All vehicles have left the simulation.
Performance: 
 Duration: 0.29s
 Real time factor: 1061.22
 UPS: 12591.836735
Vehicles: 
 Inserted: 29
 Running: 0
 Waiting: 0

