-------------------------------------------------------------------------------
['C:\\Program Files (x86)\\Eclipse\\Sumo\\bin\\duarouter', '-c', '0/iteration_000_bsd.duarcfg']
Loading configuration ... done.
Warning: Found root element 'trips' in file '0/../bsd.trips.xml' (expected 'routes').
Success.
-------------------------------------------------------------------------------
['C:\\Program Files (x86)\\Eclipse\\Sumo\\bin\\sumo', '-c', '0\\iteration_000.sumocfg']
Loading configuration ... done.
Loading net-file from '0\../BSD.net.xml' ... done (6056ms).
Loading additional-files from '0\dua_dump_000.add.xml' ... done (44ms).
Loading done.
Simulation version 1.8.0 started with time: 0.00
Simulation ended at time: 447.00
Reason: All vehicles have left the simulation.
Performance: 
 Duration: 0.24s
 Real time factor: 1831.97
 UPS: 23086.065574
Vehicles: 
 Inserted: 41
 Running: 0
 Waiting: 0

-------------------------------------------------------------------------------
['C:\\Program Files (x86)\\Eclipse\\Sumo\\bin\\duarouter', '-c', '1/iteration_001_bsd_000.duarcfg']
Loading configuration ... done.
Success.
-------------------------------------------------------------------------------
['C:\\Program Files (x86)\\Eclipse\\Sumo\\bin\\sumo', '-c', '1\\iteration_001.sumocfg']
Loading configuration ... done.
Loading net-file from '1\../BSD.net.xml' ... done (6128ms).
Loading additional-files from '1\dua_dump_001.add.xml' ... done (46ms).
Loading done.
Simulation version 1.8.0 started with time: 0.00
Simulation ended at time: 447.00
Reason: All vehicles have left the simulation.
Performance: 
 Duration: 0.24s
 Real time factor: 1878.15
 UPS: 23184.873950
Vehicles: 
 Inserted: 41
 Running: 0
 Waiting: 0

-------------------------------------------------------------------------------
['C:\\Program Files (x86)\\Eclipse\\Sumo\\bin\\duarouter', '-c', '2/iteration_002_bsd_001.duarcfg']
Loading configuration ... done.
Success.
-------------------------------------------------------------------------------
['C:\\Program Files (x86)\\Eclipse\\Sumo\\bin\\sumo', '-c', '2\\iteration_002.sumocfg']
Loading configuration ... done.
Loading net-file from '2\../BSD.net.xml' ... done (6132ms).
Loading additional-files from '2\dua_dump_002.add.xml' ... done (41ms).
Loading done.
Simulation version 1.8.0 started with time: 0.00
Simulation ended at time: 447.00
Reason: All vehicles have left the simulation.
Performance: 
 Duration: 0.22s
 Real time factor: 2013.51
 UPS: 24855.855856
Vehicles: 
 Inserted: 41
 Running: 0
 Waiting: 0

