-------------------------------------------------------------------------------
['C:\\Program Files (x86)\\Eclipse\\Sumo\\bin\\duarouter', '-c', '0/iteration_000_bsd.duarcfg']
Loading configuration ... done.
Warning: Found root element 'trips' in file '0/../bsd.trips.xml' (expected 'routes').
Success.
-------------------------------------------------------------------------------
['C:\\Program Files (x86)\\Eclipse\\Sumo\\bin\\sumo', '-c', '0\\iteration_000.sumocfg']
Loading configuration ... done.
Loading net-file from '0\../BSD.net.xml' ... done (6843ms).
Loading additional-files from '0\dua_dump_000.add.xml' ... done (47ms).
Loading done.
Simulation version 1.8.0 started with time: 0.00
Simulation ended at time: 303.00
Reason: All vehicles have left the simulation.
Performance: 
 Duration: 0.19s
 Real time factor: 1611.7
 UPS: 12101.063830
Vehicles: 
 Inserted: 18
 Running: 0
 Waiting: 0

-------------------------------------------------------------------------------
['C:\\Program Files (x86)\\Eclipse\\Sumo\\bin\\duarouter', '-c', '1/iteration_001_bsd_000.duarcfg']
Loading configuration ... done.
Success.
-------------------------------------------------------------------------------
['C:\\Program Files (x86)\\Eclipse\\Sumo\\bin\\sumo', '-c', '1\\iteration_001.sumocfg']
Loading configuration ... done.
Loading net-file from '1\../BSD.net.xml' ... done (9715ms).
Loading additional-files from '1\dua_dump_001.add.xml' ... done (53ms).
Loading done.
Simulation version 1.8.0 started with time: 0.00
Simulation ended at time: 264.00
Reason: All vehicles have left the simulation.
Performance: 
 Duration: 0.22s
 Real time factor: 1205.48
 UPS: 9949.771689
Vehicles: 
 Inserted: 18
 Running: 0
 Waiting: 0

-------------------------------------------------------------------------------
['C:\\Program Files (x86)\\Eclipse\\Sumo\\bin\\duarouter', '-c', '2/iteration_002_bsd_001.duarcfg']
Loading configuration ... done.
Success.
-------------------------------------------------------------------------------
['C:\\Program Files (x86)\\Eclipse\\Sumo\\bin\\sumo', '-c', '2\\iteration_002.sumocfg']
Loading configuration ... done.
Loading net-file from '2\../BSD.net.xml' ... done (10304ms).
Loading additional-files from '2\dua_dump_002.add.xml' ... done (52ms).
Loading done.
Simulation version 1.8.0 started with time: 0.00
Simulation ended at time: 264.00
Reason: All vehicles have left the simulation.
Performance: 
 Duration: 0.22s
 Real time factor: 1211.01
 UPS: 9995.412844
Vehicles: 
 Inserted: 18
 Running: 0
 Waiting: 0

