-------------------------------------------------------------------------------
['C:\\Program Files (x86)\\Eclipse\\Sumo\\bin\\duarouter', '-c', '0/iteration_000_bsd.duarcfg']
Loading configuration ... done.
Warning: Found root element 'trips' in file '0/../bsd.trips.xml' (expected 'routes').
Success.
-------------------------------------------------------------------------------
['C:\\Program Files (x86)\\Eclipse\\Sumo\\bin\\sumo', '-c', '0\\iteration_000.sumocfg']
Loading configuration ... done.
Loading net-file from '0\../BSD.net.xml' ... done (12075ms).
Loading additional-files from '0\dua_dump_000.add.xml' ... done (56ms).
Loading done.
Simulation version 1.8.0 started with time: 0.00
Simulation ended at time: 310.00
Reason: All vehicles have left the simulation.
Performance: 
 Duration: 0.24s
 Real time factor: 1286.31
 UPS: 9248.962656
Vehicles: 
 Inserted: 18
 Running: 0
 Waiting: 0

-------------------------------------------------------------------------------
['C:\\Program Files (x86)\\Eclipse\\Sumo\\bin\\duarouter', '-c', '1/iteration_001_bsd_000.duarcfg']
Loading configuration ... done.
Success.
-------------------------------------------------------------------------------
['C:\\Program Files (x86)\\Eclipse\\Sumo\\bin\\sumo', '-c', '1\\iteration_001.sumocfg']
Loading configuration ... done.
Loading net-file from '1\../BSD.net.xml' ... done (12634ms).
Loading additional-files from '1\dua_dump_001.add.xml' ... done (69ms).
Loading done.
Simulation version 1.8.0 started with time: 0.00
Simulation ended at time: 310.00
Reason: All vehicles have left the simulation.
Performance: 
 Duration: 0.33s
 Real time factor: 950.92
 UPS: 6803.680982
Vehicles: 
 Inserted: 18
 Running: 0
 Waiting: 0

-------------------------------------------------------------------------------
['C:\\Program Files (x86)\\Eclipse\\Sumo\\bin\\duarouter', '-c', '2/iteration_002_bsd_001.duarcfg']
Loading configuration ... done.
Success.
-------------------------------------------------------------------------------
['C:\\Program Files (x86)\\Eclipse\\Sumo\\bin\\sumo', '-c', '2\\iteration_002.sumocfg']
Loading configuration ... done.
Loading net-file from '2\../BSD.net.xml' ... done (12620ms).
Loading additional-files from '2\dua_dump_002.add.xml' ... done (47ms).
Loading done.
Simulation version 1.8.0 started with time: 0.00
Simulation ended at time: 310.00
Reason: All vehicles have left the simulation.
Performance: 
 Duration: 0.18s
 Real time factor: 1703.3
 UPS: 12186.813187
Vehicles: 
 Inserted: 18
 Running: 0
 Waiting: 0

-------------------------------------------------------------------------------
['C:\\Program Files (x86)\\Eclipse\\Sumo\\bin\\duarouter', '-c', '3/iteration_003_bsd_002.duarcfg']
Loading configuration ... done.
Success.
-------------------------------------------------------------------------------
['C:\\Program Files (x86)\\Eclipse\\Sumo\\bin\\sumo', '-c', '3\\iteration_003.sumocfg']
Loading configuration ... done.
Loading net-file from '3\../BSD.net.xml' ... done (13968ms).
Loading additional-files from '3\dua_dump_003.add.xml' ... done (68ms).
Loading done.
Simulation version 1.8.0 started with time: 0.00
Simulation ended at time: 310.00
Reason: All vehicles have left the simulation.
Performance: 
 Duration: 0.30s
 Real time factor: 1047.3
 UPS: 7493.243243
Vehicles: 
 Inserted: 18
 Running: 0
 Waiting: 0

