-------------------------------------------------------------------------------
['C:\\Program Files (x86)\\Eclipse\\Sumo\\bin\\duarouter', '-c', '0/iteration_000_bsd.duarcfg']
Loading configuration ... done.
Warning: Found root element 'trips' in file '0/../bsd.trips.xml' (expected 'routes').
Success.
-------------------------------------------------------------------------------
['C:\\Program Files (x86)\\Eclipse\\Sumo\\bin\\sumo', '-c', '0\\iteration_000.sumocfg']
Loading configuration ... done.
Loading net-file from '0\../BSD.net.xml' ... done (9795ms).
Loading additional-files from '0\dua_dump_000.add.xml' ... done (52ms).
Loading done.
Simulation version 1.8.0 started with time: 0.00
Simulation ended at time: 452.00
Reason: All vehicles have left the simulation.
Performance: 
 Duration: 0.48s
 Real time factor: 951.579
 UPS: 13166.315789
Vehicles: 
 Inserted: 43
 Running: 0
 Waiting: 0

-------------------------------------------------------------------------------
['C:\\Program Files (x86)\\Eclipse\\Sumo\\bin\\duarouter', '-c', '1/iteration_001_bsd_000.duarcfg']
Loading configuration ... done.
Success.
-------------------------------------------------------------------------------
['C:\\Program Files (x86)\\Eclipse\\Sumo\\bin\\sumo', '-c', '1\\iteration_001.sumocfg']
Loading configuration ... done.
Loading net-file from '1\../BSD.net.xml' ... done (10377ms).
Loading additional-files from '1\dua_dump_001.add.xml' ... done (46ms).
Loading done.
Simulation version 1.8.0 started with time: 0.00
Simulation ended at time: 455.00
Reason: All vehicles have left the simulation.
Performance: 
 Duration: 0.35s
 Real time factor: 1307.47
 UPS: 18043.103448
Vehicles: 
 Inserted: 43
 Running: 0
 Waiting: 0

-------------------------------------------------------------------------------
['C:\\Program Files (x86)\\Eclipse\\Sumo\\bin\\duarouter', '-c', '2/iteration_002_bsd_001.duarcfg']
Loading configuration ... done.
Success.
-------------------------------------------------------------------------------
['C:\\Program Files (x86)\\Eclipse\\Sumo\\bin\\sumo', '-c', '2\\iteration_002.sumocfg']
Loading configuration ... done.
Loading net-file from '2\../BSD.net.xml' ... done (7317ms).
Loading additional-files from '2\dua_dump_002.add.xml' ... done (36ms).
Loading done.
Simulation version 1.8.0 started with time: 0.00
Simulation ended at time: 455.00
Reason: All vehicles have left the simulation.
Performance: 
 Duration: 0.28s
 Real time factor: 1619.22
 UPS: 22345.195730
Vehicles: 
 Inserted: 43
 Running: 0
 Waiting: 0

