-------------------------------------------------------------------------------
['C:\\Program Files (x86)\\Eclipse\\Sumo\\bin\\duarouter', '-c', '0/iteration_000_bsd.duarcfg']
Loading configuration ... done.
Warning: Found root element 'trips' in file '0/../bsd.trips.xml' (expected 'routes').
Success.
-------------------------------------------------------------------------------
['C:\\Program Files (x86)\\Eclipse\\Sumo\\bin\\sumo', '-c', '0\\iteration_000.sumocfg']
Loading configuration ... done.
Loading net-file from '0\../BSD.net.xml' ... done (6611ms).
Loading additional-files from '0\dua_dump_000.add.xml' ... done (42ms).
Loading done.
Simulation version 1.8.0 started with time: 0.00
Simulation ended at time: 518.00
Reason: All vehicles have left the simulation.
Performance: 
 Duration: 0.53s
 Real time factor: 981.061
 UPS: 18456.439394
Vehicles: 
 Inserted: 59
 Running: 0
 Waiting: 0

-------------------------------------------------------------------------------
['C:\\Program Files (x86)\\Eclipse\\Sumo\\bin\\duarouter', '-c', '1/iteration_001_bsd_000.duarcfg']
Loading configuration ... done.
Success.
-------------------------------------------------------------------------------
['C:\\Program Files (x86)\\Eclipse\\Sumo\\bin\\sumo', '-c', '1\\iteration_001.sumocfg']
Loading configuration ... done.
Loading net-file from '1\../BSD.net.xml' ... done (6842ms).
Loading additional-files from '1\dua_dump_001.add.xml' ... done (80ms).
Loading done.
Simulation version 1.8.0 started with time: 0.00
Simulation ended at time: 517.00
Reason: All vehicles have left the simulation.
Performance: 
 Duration: 0.50s
 Real time factor: 1038.15
 UPS: 18879.518072
Vehicles: 
 Inserted: 59
 Running: 0
 Waiting: 0

-------------------------------------------------------------------------------
['C:\\Program Files (x86)\\Eclipse\\Sumo\\bin\\duarouter', '-c', '2/iteration_002_bsd_001.duarcfg']
Loading configuration ... done.
Success.
-------------------------------------------------------------------------------
['C:\\Program Files (x86)\\Eclipse\\Sumo\\bin\\sumo', '-c', '2\\iteration_002.sumocfg']
Loading configuration ... done.
Loading net-file from '2\../BSD.net.xml' ... done (6651ms).
Loading additional-files from '2\dua_dump_002.add.xml' ... done (31ms).
Loading done.
Simulation version 1.8.0 started with time: 0.00
Simulation ended at time: 517.00
Reason: All vehicles have left the simulation.
Performance: 
 Duration: 0.35s
 Real time factor: 1460.45
 UPS: 26731.638418
Vehicles: 
 Inserted: 59
 Running: 0
 Waiting: 0

