-------------------------------------------------------------------------------
['C:\\Program Files (x86)\\Eclipse\\Sumo\\bin\\duarouter', '-c', '0/iteration_000_bsd.duarcfg']
Loading configuration ... done.
Warning: Found root element 'trips' in file '0/../bsd.trips.xml' (expected 'routes').
Success.
-------------------------------------------------------------------------------
['C:\\Program Files (x86)\\Eclipse\\Sumo\\bin\\sumo', '-c', '0\\iteration_000.sumocfg']
Loading configuration ... done.
Loading net-file from '0\../BSD.net.xml' ... done (9996ms).
Loading additional-files from '0\dua_dump_000.add.xml' ... done (60ms).
Loading done.
Simulation version 1.8.0 started with time: 0.00
Simulation ended at time: 466.00
Reason: All vehicles have left the simulation.
Performance: 
 Duration: 0.68s
 Real time factor: 683.284
 UPS: 14906.158358
Vehicles: 
 Inserted: 62
 Running: 0
 Waiting: 0

-------------------------------------------------------------------------------
['C:\\Program Files (x86)\\Eclipse\\Sumo\\bin\\duarouter', '-c', '1/iteration_001_bsd_000.duarcfg']
Loading configuration ... done.
Success.
-------------------------------------------------------------------------------
['C:\\Program Files (x86)\\Eclipse\\Sumo\\bin\\sumo', '-c', '1\\iteration_001.sumocfg']
Loading configuration ... done.
Loading net-file from '1\../BSD.net.xml' ... done (8977ms).
Loading additional-files from '1\dua_dump_001.add.xml' ... done (45ms).
Loading done.
Simulation version 1.8.0 started with time: 0.00
Simulation ended at time: 467.00
Reason: All vehicles have left the simulation.
Performance: 
 Duration: 0.55s
 Real time factor: 852.19
 UPS: 18580.291971
Vehicles: 
 Inserted: 62
 Running: 0
 Waiting: 0

-------------------------------------------------------------------------------
['C:\\Program Files (x86)\\Eclipse\\Sumo\\bin\\duarouter', '-c', '2/iteration_002_bsd_001.duarcfg']
Loading configuration ... done.
Success.
-------------------------------------------------------------------------------
['C:\\Program Files (x86)\\Eclipse\\Sumo\\bin\\sumo', '-c', '2\\iteration_002.sumocfg']
Loading configuration ... done.
Loading net-file from '2\../BSD.net.xml' ... done (6605ms).
Loading additional-files from '2\dua_dump_002.add.xml' ... done (41ms).
Loading done.
Simulation version 1.8.0 started with time: 0.00
Simulation ended at time: 465.00
Reason: All vehicles have left the simulation.
Performance: 
 Duration: 0.41s
 Real time factor: 1123.19
 UPS: 24466.183575
Vehicles: 
 Inserted: 62
 Running: 0
 Waiting: 0

