-------------------------------------------------------------------------------
['C:\\Program Files (x86)\\Eclipse\\Sumo\\bin\\duarouter', '-c', '0/iteration_000_bsd.duarcfg']
Loading configuration ... done.
Warning: Found root element 'trips' in file '0/../bsd.trips.xml' (expected 'routes').
Success.
-------------------------------------------------------------------------------
['C:\\Program Files (x86)\\Eclipse\\Sumo\\bin\\sumo', '-c', '0\\iteration_000.sumocfg']
Loading configuration ... done.
Loading net-file from '0\../BSD.net.xml' ... done (6285ms).
Loading additional-files from '0\dua_dump_000.add.xml' ... done (42ms).
Loading done.
Simulation version 1.8.0 started with time: 0.00
Simulation ended at time: 411.00
Reason: All vehicles have left the simulation.
Performance: 
 Duration: 0.17s
 Real time factor: 2475.9
 UPS: 12783.132530
Vehicles: 
 Inserted: 17
 Running: 0
 Waiting: 0

-------------------------------------------------------------------------------
['C:\\Program Files (x86)\\Eclipse\\Sumo\\bin\\duarouter', '-c', '1/iteration_001_bsd_000.duarcfg']
Loading configuration ... done.
Success.
-------------------------------------------------------------------------------
['C:\\Program Files (x86)\\Eclipse\\Sumo\\bin\\sumo', '-c', '1\\iteration_001.sumocfg']
Loading configuration ... done.
Loading net-file from '1\../BSD.net.xml' ... done (7359ms).
Loading additional-files from '1\dua_dump_001.add.xml' ... done (39ms).
Loading done.
Simulation version 1.8.0 started with time: 0.00
Simulation ended at time: 410.00
Reason: All vehicles have left the simulation.
Performance: 
 Duration: 0.14s
 Real time factor: 2867.13
 UPS: 14755.244755
Vehicles: 
 Inserted: 17
 Running: 0
 Waiting: 0

-------------------------------------------------------------------------------
['C:\\Program Files (x86)\\Eclipse\\Sumo\\bin\\duarouter', '-c', '2/iteration_002_bsd_001.duarcfg']
Loading configuration ... done.
Success.
-------------------------------------------------------------------------------
['C:\\Program Files (x86)\\Eclipse\\Sumo\\bin\\sumo', '-c', '2\\iteration_002.sumocfg']
Loading configuration ... done.
Loading net-file from '2\../BSD.net.xml' ... done (6003ms).
Loading additional-files from '2\dua_dump_002.add.xml' ... done (39ms).
Loading done.
Simulation version 1.8.0 started with time: 0.00
Simulation ended at time: 410.00
Reason: All vehicles have left the simulation.
Performance: 
 Duration: 0.16s
 Real time factor: 2562.5
 UPS: 13187.500000
Vehicles: 
 Inserted: 17
 Running: 0
 Waiting: 0

