-------------------------------------------------------------------------------
['C:\\Program Files (x86)\\Eclipse\\Sumo\\bin\\duarouter', '-c', '0/iteration_000_bsd.duarcfg']
Loading configuration ... done.
Warning: Found root element 'trips' in file '0/../bsd.trips.xml' (expected 'routes').
Success.
-------------------------------------------------------------------------------
['C:\\Program Files (x86)\\Eclipse\\Sumo\\bin\\sumo', '-c', '0\\iteration_000.sumocfg']
Loading configuration ... done.
Loading net-file from '0\../BSD.net.xml' ... done (7851ms).
Loading additional-files from '0\dua_dump_000.add.xml' ... done (45ms).
Loading done.
Simulation version 1.8.0 started with time: 0.00
Warning: Teleporting vehicle 'veh10_4'; waited too long (jam), lane='771544256#3_0', time=482.00.
Warning: Teleporting vehicle 'veh12_4'; waited too long (jam), lane='757373598_0', time=482.00.
Warning: Vehicle 'veh10_4' ends teleporting on edge '757467199', time 482.00.
Warning: Vehicle 'veh12_4' ends teleporting on edge '771544256#3', time 482.00.
Simulation ended at time: 688.00
Reason: All vehicles have left the simulation.
Performance: 
 Duration: 0.67s
 Real time factor: 1022.29
 UPS: 20719.167905
Vehicles: 
 Inserted: 63
 Running: 0
 Waiting: 0
Teleports: 2 (Jam: 2)

-------------------------------------------------------------------------------
['C:\\Program Files (x86)\\Eclipse\\Sumo\\bin\\duarouter', '-c', '1/iteration_001_bsd_000.duarcfg']
Loading configuration ... done.
Success.
-------------------------------------------------------------------------------
['C:\\Program Files (x86)\\Eclipse\\Sumo\\bin\\sumo', '-c', '1\\iteration_001.sumocfg']
Loading configuration ... done.
Loading net-file from '1\../BSD.net.xml' ... done (8204ms).
Loading additional-files from '1\dua_dump_001.add.xml' ... done (35ms).
Loading done.
Simulation version 1.8.0 started with time: 0.00
Simulation ended at time: 501.00
Reason: All vehicles have left the simulation.
Performance: 
 Duration: 0.56s
 Real time factor: 902.703
 UPS: 22336.936937
Vehicles: 
 Inserted: 63
 Running: 0
 Waiting: 0

-------------------------------------------------------------------------------
['C:\\Program Files (x86)\\Eclipse\\Sumo\\bin\\duarouter', '-c', '2/iteration_002_bsd_001.duarcfg']
Loading configuration ... done.
Success.
-------------------------------------------------------------------------------
['C:\\Program Files (x86)\\Eclipse\\Sumo\\bin\\sumo', '-c', '2\\iteration_002.sumocfg']
Loading configuration ... done.
Loading net-file from '2\../BSD.net.xml' ... done (6530ms).
Loading additional-files from '2\dua_dump_002.add.xml' ... done (35ms).
Loading done.
Simulation version 1.8.0 started with time: 0.00
Simulation ended at time: 505.00
Reason: All vehicles have left the simulation.
Performance: 
 Duration: 0.46s
 Real time factor: 1088.36
 UPS: 26540.948276
Vehicles: 
 Inserted: 63
 Running: 0
 Waiting: 0

