-------------------------------------------------------------------------------
['C:\\Program Files (x86)\\Eclipse\\Sumo\\bin\\duarouter', '-c', '0/iteration_000_bsd.duarcfg']
Loading configuration ... done.
Warning: Found root element 'trips' in file '0/../bsd.trips.xml' (expected 'routes').
Success.
-------------------------------------------------------------------------------
['C:\\Program Files (x86)\\Eclipse\\Sumo\\bin\\sumo', '-c', '0\\iteration_000.sumocfg']
Loading configuration ... done.
Loading net-file from '0\../BSD.net.xml' ... done (9082ms).
Loading additional-files from '0\dua_dump_000.add.xml' ... done (63ms).
Loading done.
Simulation version 1.8.0 started with time: 0.00
Simulation ended at time: 335.00
Reason: All vehicles have left the simulation.
Performance: 
 Duration: 0.30s
 Real time factor: 1124.16
 UPS: 13741.610738
Vehicles: 
 Inserted: 30
 Running: 0
 Waiting: 0

-------------------------------------------------------------------------------
['C:\\Program Files (x86)\\Eclipse\\Sumo\\bin\\duarouter', '-c', '1/iteration_001_bsd_000.duarcfg']
Loading configuration ... done.
Success.
-------------------------------------------------------------------------------
['C:\\Program Files (x86)\\Eclipse\\Sumo\\bin\\sumo', '-c', '1\\iteration_001.sumocfg']
Loading configuration ... done.
Loading net-file from '1\../BSD.net.xml' ... done (7768ms).
Loading additional-files from '1\dua_dump_001.add.xml' ... done (42ms).
Loading done.
Simulation version 1.8.0 started with time: 0.00
Simulation ended at time: 335.00
Reason: All vehicles have left the simulation.
Performance: 
 Duration: 0.22s
 Real time factor: 1536.7
 UPS: 18752.293578
Vehicles: 
 Inserted: 30
 Running: 0
 Waiting: 0

-------------------------------------------------------------------------------
['C:\\Program Files (x86)\\Eclipse\\Sumo\\bin\\duarouter', '-c', '2/iteration_002_bsd_001.duarcfg']
Loading configuration ... done.
Success.
-------------------------------------------------------------------------------
['C:\\Program Files (x86)\\Eclipse\\Sumo\\bin\\sumo', '-c', '2\\iteration_002.sumocfg']
Loading configuration ... done.
Loading net-file from '2\../BSD.net.xml' ... done (8178ms).
Loading additional-files from '2\dua_dump_002.add.xml' ... done (42ms).
Loading done.
Simulation version 1.8.0 started with time: 0.00
Simulation ended at time: 335.00
Reason: All vehicles have left the simulation.
Performance: 
 Duration: 0.26s
 Real time factor: 1273.76
 UPS: 15543.726236
Vehicles: 
 Inserted: 30
 Running: 0
 Waiting: 0

