-------------------------------------------------------------------------------
['C:\\Program Files (x86)\\Eclipse\\Sumo\\bin\\duarouter', '-c', '0/iteration_000_bsd.duarcfg']
Loading configuration ... done.
Warning: Found root element 'trips' in file '0/../bsd.trips.xml' (expected 'routes').
Success.
-------------------------------------------------------------------------------
['C:\\Program Files (x86)\\Eclipse\\Sumo\\bin\\sumo', '-c', '0\\iteration_000.sumocfg']
Loading configuration ... done.
Loading net-file from '0\../BSD.net.xml' ... done (7289ms).
Loading additional-files from '0\dua_dump_000.add.xml' ... done (74ms).
Loading done.
Simulation version 1.8.0 started with time: 0.00
Simulation ended at time: 342.00
Reason: All vehicles have left the simulation.
Performance: 
 Duration: 0.41s
 Real time factor: 834.146
 UPS: 6085.365854
Vehicles: 
 Inserted: 18
 Running: 0
 Waiting: 0

-------------------------------------------------------------------------------
['C:\\Program Files (x86)\\Eclipse\\Sumo\\bin\\duarouter', '-c', '1/iteration_001_bsd_000.duarcfg']
Loading configuration ... done.
Success.
-------------------------------------------------------------------------------
['C:\\Program Files (x86)\\Eclipse\\Sumo\\bin\\sumo', '-c', '1\\iteration_001.sumocfg']
Loading configuration ... done.
Loading net-file from '1\../BSD.net.xml' ... done (9202ms).
Loading additional-files from '1\dua_dump_001.add.xml' ... done (64ms).
Loading done.
Simulation version 1.8.0 started with time: 0.00
Simulation ended at time: 346.00
Reason: All vehicles have left the simulation.
Performance: 
 Duration: 0.24s
 Real time factor: 1429.75
 UPS: 10347.107438
Vehicles: 
 Inserted: 18
 Running: 0
 Waiting: 0

-------------------------------------------------------------------------------
['C:\\Program Files (x86)\\Eclipse\\Sumo\\bin\\duarouter', '-c', '2/iteration_002_bsd_001.duarcfg']
Loading configuration ... done.
Success.
-------------------------------------------------------------------------------
['C:\\Program Files (x86)\\Eclipse\\Sumo\\bin\\sumo', '-c', '2\\iteration_002.sumocfg']
Loading configuration ... done.
Loading net-file from '2\../BSD.net.xml' ... done (10212ms).
Loading additional-files from '2\dua_dump_002.add.xml' ... done (58ms).
Loading done.
Simulation version 1.8.0 started with time: 0.00
Simulation ended at time: 346.00
Reason: All vehicles have left the simulation.
Performance: 
 Duration: 0.23s
 Real time factor: 1524.23
 UPS: 11030.837004
Vehicles: 
 Inserted: 18
 Running: 0
 Waiting: 0

