-------------------------------------------------------------------------------
['C:\\Program Files (x86)\\Eclipse\\Sumo\\bin\\duarouter', '-c', '0/iteration_000_bsd.duarcfg']
Loading configuration ... done.
Warning: Found root element 'trips' in file '0/../bsd.trips.xml' (expected 'routes').
Success.
-------------------------------------------------------------------------------
['C:\\Program Files (x86)\\Eclipse\\Sumo\\bin\\sumo', '-c', '0\\iteration_000.sumocfg']
Loading configuration ... done.
Loading net-file from '0\../BSD.net.xml' ... done (6315ms).
Loading additional-files from '0\dua_dump_000.add.xml' ... done (48ms).
Loading done.
Simulation version 1.8.0 started with time: 0.00
Simulation ended at time: 322.00
Reason: All vehicles have left the simulation.
Performance: 
 Duration: 0.21s
 Real time factor: 1526.07
 UPS: 15829.383886
Vehicles: 
 Inserted: 29
 Running: 0
 Waiting: 0

-------------------------------------------------------------------------------
['C:\\Program Files (x86)\\Eclipse\\Sumo\\bin\\duarouter', '-c', '1/iteration_001_bsd_000.duarcfg']
Loading configuration ... done.
Success.
-------------------------------------------------------------------------------
['C:\\Program Files (x86)\\Eclipse\\Sumo\\bin\\sumo', '-c', '1\\iteration_001.sumocfg']
Loading configuration ... done.
Loading net-file from '1\../BSD.net.xml' ... done (8184ms).
Loading additional-files from '1\dua_dump_001.add.xml' ... done (51ms).
Loading done.
Simulation version 1.8.0 started with time: 0.00
Simulation ended at time: 302.00
Reason: All vehicles have left the simulation.
Performance: 
 Duration: 0.28s
 Real time factor: 1098.18
 UPS: 11705.454545
Vehicles: 
 Inserted: 29
 Running: 0
 Waiting: 0

-------------------------------------------------------------------------------
['C:\\Program Files (x86)\\Eclipse\\Sumo\\bin\\duarouter', '-c', '2/iteration_002_bsd_001.duarcfg']
Loading configuration ... done.
Success.
-------------------------------------------------------------------------------
['C:\\Program Files (x86)\\Eclipse\\Sumo\\bin\\sumo', '-c', '2\\iteration_002.sumocfg']
Loading configuration ... done.
Loading net-file from '2\../BSD.net.xml' ... done (8031ms).
Loading additional-files from '2\dua_dump_002.add.xml' ... done (62ms).
Loading done.
Simulation version 1.8.0 started with time: 0.00
Simulation ended at time: 302.00
Reason: All vehicles have left the simulation.
Performance: 
 Duration: 0.27s
 Real time factor: 1106.23
 UPS: 11791.208791
Vehicles: 
 Inserted: 29
 Running: 0
 Waiting: 0

