-------------------------------------------------------------------------------
['C:\\Program Files (x86)\\Eclipse\\Sumo\\bin\\duarouter', '-c', '0/iteration_000_bsd.duarcfg']
Loading configuration ... done.
Warning: Found root element 'trips' in file '0/../bsd.trips.xml' (expected 'routes').
Success.
-------------------------------------------------------------------------------
['C:\\Program Files (x86)\\Eclipse\\Sumo\\bin\\sumo', '-c', '0\\iteration_000.sumocfg']
Loading configuration ... done.
Loading net-file from '0\../BSD.net.xml' ... done (17399ms).
Loading additional-files from '0\dua_dump_000.add.xml' ... done (104ms).
Loading done.
Simulation version 1.8.0 started with time: 0.00
Simulation ended at time: 524.00
Reason: All vehicles have left the simulation.
Performance: 
 Duration: 0.79s
 Real time factor: 659.95
 UPS: 10329.974811
Vehicles: 
 Inserted: 59
 Running: 0
 Waiting: 0

-------------------------------------------------------------------------------
['C:\\Program Files (x86)\\Eclipse\\Sumo\\bin\\duarouter', '-c', '1/iteration_001_bsd_000.duarcfg']
Loading configuration ... done.
Success.
-------------------------------------------------------------------------------
['C:\\Program Files (x86)\\Eclipse\\Sumo\\bin\\sumo', '-c', '1\\iteration_001.sumocfg']
Loading configuration ... done.
Loading net-file from '1\../BSD.net.xml' ... done (16670ms).
Loading additional-files from '1\dua_dump_001.add.xml' ... done (100ms).
Loading done.
Simulation version 1.8.0 started with time: 0.00
Simulation ended at time: 519.00
Reason: All vehicles have left the simulation.
Performance: 
 Duration: 0.84s
 Real time factor: 618.594
 UPS: 9696.066746
Vehicles: 
 Inserted: 59
 Running: 0
 Waiting: 0

-------------------------------------------------------------------------------
['C:\\Program Files (x86)\\Eclipse\\Sumo\\bin\\duarouter', '-c', '2/iteration_002_bsd_001.duarcfg']
Loading configuration ... done.
Success.
-------------------------------------------------------------------------------
['C:\\Program Files (x86)\\Eclipse\\Sumo\\bin\\sumo', '-c', '2\\iteration_002.sumocfg']
Loading configuration ... done.
Loading net-file from '2\../BSD.net.xml' ... done (17615ms).
Loading additional-files from '2\dua_dump_002.add.xml' ... done (86ms).
Loading done.
Simulation version 1.8.0 started with time: 0.00
Simulation ended at time: 519.00
Reason: All vehicles have left the simulation.
Performance: 
 Duration: 0.77s
 Real time factor: 676.662
 UPS: 10606.258149
Vehicles: 
 Inserted: 59
 Running: 0
 Waiting: 0

