-------------------------------------------------------------------------------
['C:\\Program Files (x86)\\Eclipse\\Sumo\\bin\\duarouter', '-c', '0/iteration_000_bsd.duarcfg']
Loading configuration ... done.
Warning: Found root element 'trips' in file '0/../bsd.trips.xml' (expected 'routes').
Success.
-------------------------------------------------------------------------------
['C:\\Program Files (x86)\\Eclipse\\Sumo\\bin\\sumo', '-c', '0\\iteration_000.sumocfg']
Loading configuration ... done.
Loading net-file from '0\../BSD.net.xml' ... done (18279ms).
Loading additional-files from '0\dua_dump_000.add.xml' ... done (96ms).
Loading done.
Simulation version 1.8.0 started with time: 0.00
Warning: Teleporting vehicle 'veh0_2'; waited too long (jam), lane=':7072364217_0_0', time=444.00.
Warning: Vehicle 'veh0_2' ends teleporting on edge '771544256#2', time 444.00.
Warning: Teleporting vehicle 'veh5_0'; waited too long (jam), lane=':3640024471_4_0', time=476.00.
Warning: Vehicle 'veh5_0' ends teleporting on edge '757467199', time 476.00.
Warning: Teleporting vehicle 'veh1_5'; waited too long (jam), lane='757373598_0', time=482.00.
Warning: Vehicle 'veh1_5' ends teleporting on edge '775190282#0', time 484.00.
Simulation ended at time: 746.00
Reason: All vehicles have left the simulation.
Performance: 
 Duration: 1.29s
 Real time factor: 578.295
 UPS: 10250.387597
Vehicles: 
 Inserted: 41
 Running: 0
 Waiting: 0
Teleports: 3 (Jam: 3)

-------------------------------------------------------------------------------
['C:\\Program Files (x86)\\Eclipse\\Sumo\\bin\\duarouter', '-c', '1/iteration_001_bsd_000.duarcfg']
Loading configuration ... done.
Success.
-------------------------------------------------------------------------------
['C:\\Program Files (x86)\\Eclipse\\Sumo\\bin\\sumo', '-c', '1\\iteration_001.sumocfg']
Loading configuration ... done.
Loading net-file from '1\../BSD.net.xml' ... done (16379ms).
Loading additional-files from '1\dua_dump_001.add.xml' ... done (86ms).
Loading done.
Simulation version 1.8.0 started with time: 0.00
Warning: Teleporting vehicle 'veh0_2'; waited too long (jam), lane=':7072364217_0_0', time=443.00.
Warning: Vehicle 'veh0_2' ends teleporting on edge '771544256#2', time 443.00.
Warning: Teleporting vehicle 'veh5_0'; waited too long (jam), lane=':3640024471_4_0', time=476.00.
Warning: Vehicle 'veh5_0' ends teleporting on edge '757467199', time 476.00.
Warning: Teleporting vehicle 'veh1_5'; waited too long (jam), lane='757373598_0', time=482.00.
Warning: Vehicle 'veh1_5' ends teleporting on edge '775190282#0', time 484.00.
Warning: Teleporting vehicle 'veh1_0'; waited too long (jam), lane=':3640024476_1_0', time=488.00.
Warning: Vehicle 'veh1_0' ends teleporting on edge '756081030#0', time 488.00.
Warning: Teleporting vehicle 'veh5_0'; waited too long (jam), lane='757467199_0', time=777.00.
Warning: Vehicle 'veh5_0' ends teleporting on edge '756081030#0', time 779.00.
Warning: Teleporting vehicle 'veh1_4'; waited too long (jam), lane=':3640024476_5_0', time=787.00.
Warning: Vehicle 'veh1_4' ends teleporting on edge '757373598', time 787.00.
Warning: Teleporting vehicle 'veh1_1'; waited too long (jam), lane=':3640024470_3_0', time=791.00.
Warning: Teleporting vehicle 'veh5_4'; waited too long (jam), lane=':699593339_0_0', time=793.00.
Warning: Vehicle 'veh1_1' ends teleporting on edge '562021794#0', time 794.00.
Warning: Vehicle 'veh5_4' ends teleporting on edge '757089161', time 794.00.
Simulation ended at time: 1254.00
Reason: All vehicles have left the simulation.
Performance: 
 Duration: 1.42s
 Real time factor: 883.721
 UPS: 11312.896406
Vehicles: 
 Inserted: 41
 Running: 0
 Waiting: 0
Teleports: 8 (Jam: 8)

-------------------------------------------------------------------------------
['C:\\Program Files (x86)\\Eclipse\\Sumo\\bin\\duarouter', '-c', '2/iteration_002_bsd_001.duarcfg']
Loading configuration ... done.
Warning: No interval matches passed time 204.00 in edge '359245322#8'.
 Using edge's length / max speed.
Success.
-------------------------------------------------------------------------------
['C:\\Program Files (x86)\\Eclipse\\Sumo\\bin\\sumo', '-c', '2\\iteration_002.sumocfg']
Loading configuration ... done.
Loading net-file from '2\../BSD.net.xml' ... done (18098ms).
Loading additional-files from '2\dua_dump_002.add.xml' ... done (100ms).
Loading done.
Simulation version 1.8.0 started with time: 0.00
Warning: Teleporting vehicle 'veh0_2'; waited too long (jam), lane=':7072364217_0_0', time=444.00.
Warning: Vehicle 'veh0_2' ends teleporting on edge '771544256#2', time 444.00.
Warning: Teleporting vehicle 'veh5_0'; waited too long (jam), lane=':3640024471_4_0', time=476.00.
Warning: Vehicle 'veh5_0' ends teleporting on edge '757467199', time 476.00.
Warning: Teleporting vehicle 'veh1_4'; waited too long (jam), lane=':3640024476_5_0', time=483.00.
Warning: Vehicle 'veh1_4' ends teleporting on edge '757467199', time 486.00.
Warning: Teleporting vehicle 'veh1_0'; waited too long (jam), lane=':3640024476_1_0', time=487.00.
Warning: Teleporting vehicle 'veh5_4'; waited too long (jam), lane=':699593339_0_0', time=487.00.
Warning: Vehicle 'veh1_0' ends teleporting on edge '756081030#0', time 487.00.
Warning: Vehicle 'veh5_4' ends teleporting on edge '757373598', time 489.00.
Simulation ended at time: 895.00
Reason: All vehicles have left the simulation.
Performance: 
 Duration: 1.40s
 Real time factor: 637.464
 UPS: 9537.037037
Vehicles: 
 Inserted: 41
 Running: 0
 Waiting: 0
Teleports: 5 (Jam: 5)

