Loading net-file from '0\../BSD.net.xml' ... done (17769ms).
Loading additional-files from '0\dua_dump_000.add.xml' ... done (111ms).
Loading done.
Simulation version 1.8.0 started with time: 0.00
Warning: Teleporting vehicle 'veh4_4'; waited too long (jam), lane=':7072364217_0_0', time=445.00.
Warning: Vehicle 'veh4_4' ends teleporting on edge '771544256#2', time 445.00.
Warning: Teleporting vehicle 'veh8_0'; waited too long (jam), lane=':3640024471_4_0', time=477.00.
Warning: Vehicle 'veh8_0' ends teleporting on edge '757467199', time 477.00.
Warning: Teleporting vehicle 'veh6_5'; waited too long (jam), lane='757088117#1_0', time=486.00.
Warning: Teleporting vehicle 'veh8_4'; waited too long (jam), lane=':7072364219_0_2', time=486.00.
Warning: Teleporting vehicle 'veh3_5'; waited too long (jam), lane=':7072364219_0_1', time=486.00.
Warning: Vehicle 'veh3_5' ends teleporting on edge '757373600#3', time 486.00.
Warning: Vehicle 'veh8_4' ends teleporting on edge '757373600#3', time 487.00.
Warning: Vehicle 'veh6_5' ends teleporting on edge '757373598', time 488.00.
Warning: Teleporting vehicle 'veh1_0'; waited too long (jam), lane=':3640024476_1_0', time=489.00.
Warning: Vehicle 'veh1_0' ends teleporting on edge '756081030#0', time 489.00.
Simulation ended at time: 900.00
Reason: All vehicles have left the simulation.
Performance: 
 Duration: 2.17s
 Real time factor: 414.365
 UPS: 9384.438306
Vehicles: 
 Inserted: 59
 Running: 0
 Waiting: 0
Teleports: 6 (Jam: 6)

