-------------------------------------------------------------------------------
['C:\\Program Files (x86)\\Eclipse\\Sumo\\bin\\duarouter', '-c', '0/iteration_000_bsd.duarcfg']
Loading configuration ... done.
Warning: Found root element 'trips' in file '0/../bsd.trips.xml' (expected 'routes').
Success.
-------------------------------------------------------------------------------
['C:\\Program Files (x86)\\Eclipse\\Sumo\\bin\\sumo', '-c', '0\\iteration_000.sumocfg']
Loading configuration ... done.
Loading net-file from '0\../BSD.net.xml' ... done (10344ms).
Loading additional-files from '0\dua_dump_000.add.xml' ... done (74ms).
Loading done.
Simulation version 1.8.0 started with time: 0.00
Simulation ended at time: 500.00
Reason: All vehicles have left the simulation.
Performance: 
 Duration: 0.98s
 Real time factor: 509.684
 UPS: 12546.381244
Vehicles: 
 Inserted: 64
 Running: 0
 Waiting: 0

-------------------------------------------------------------------------------
['C:\\Program Files (x86)\\Eclipse\\Sumo\\bin\\duarouter', '-c', '1/iteration_001_bsd_000.duarcfg']
Loading configuration ... done.
Success.
-------------------------------------------------------------------------------
['C:\\Program Files (x86)\\Eclipse\\Sumo\\bin\\sumo', '-c', '1\\iteration_001.sumocfg']
Loading configuration ... done.
Loading net-file from '1\../BSD.net.xml' ... done (9022ms).
Loading additional-files from '1\dua_dump_001.add.xml' ... done (55ms).
Loading done.
Simulation version 1.8.0 started with time: 0.00
Simulation ended at time: 503.00
Reason: All vehicles have left the simulation.
Performance: 
 Duration: 0.58s
 Real time factor: 861.301
 UPS: 20856.164384
Vehicles: 
 Inserted: 64
 Running: 0
 Waiting: 0

-------------------------------------------------------------------------------
['C:\\Program Files (x86)\\Eclipse\\Sumo\\bin\\duarouter', '-c', '2/iteration_002_bsd_001.duarcfg']
Loading configuration ... done.
Success.
-------------------------------------------------------------------------------
['C:\\Program Files (x86)\\Eclipse\\Sumo\\bin\\sumo', '-c', '2\\iteration_002.sumocfg']
Loading configuration ... done.
Loading net-file from '2\../BSD.net.xml' ... done (7050ms).
Loading additional-files from '2\dua_dump_002.add.xml' ... done (40ms).
Loading done.
Simulation version 1.8.0 started with time: 0.00
Simulation ended at time: 504.00
Reason: All vehicles have left the simulation.
Performance: 
 Duration: 0.49s
 Real time factor: 1037.04
 UPS: 25059.670782
Vehicles: 
 Inserted: 64
 Running: 0
 Waiting: 0

