-------------------------------------------------------------------------------
['C:\\Program Files (x86)\\Eclipse\\Sumo\\bin\\duarouter', '-c', '0/iteration_000_bsd.duarcfg']
Loading configuration ... done.
Warning: Found root element 'trips' in file '0/../bsd.trips.xml' (expected 'routes').
Success.
-------------------------------------------------------------------------------
['C:\\Program Files (x86)\\Eclipse\\Sumo\\bin\\sumo', '-c', '0\\iteration_000.sumocfg']
Loading configuration ... done.
Loading net-file from '0\../BSD.net.xml' ... done (16107ms).
Loading additional-files from '0\dua_dump_000.add.xml' ... done (55ms).
Loading done.
Simulation version 1.8.0 started with time: 0.00
Simulation ended at time: 647.00
Reason: All vehicles have left the simulation.
Performance: 
 Duration: 0.49s
 Real time factor: 1312.37
 UPS: 12569.979716
Vehicles: 
 Inserted: 41
 Running: 0
 Waiting: 0

-------------------------------------------------------------------------------
['C:\\Program Files (x86)\\Eclipse\\Sumo\\bin\\duarouter', '-c', '1/iteration_001_bsd_000.duarcfg']
Loading configuration ... done.
Success.
-------------------------------------------------------------------------------
['C:\\Program Files (x86)\\Eclipse\\Sumo\\bin\\sumo', '-c', '1\\iteration_001.sumocfg']
Loading configuration ... done.
Loading net-file from '1\../BSD.net.xml' ... done (12369ms).
Loading additional-files from '1\dua_dump_001.add.xml' ... done (63ms).
Loading done.
Simulation version 1.8.0 started with time: 0.00
Simulation ended at time: 557.00
Reason: All vehicles have left the simulation.
Performance: 
 Duration: 0.50s
 Real time factor: 1114
 UPS: 11898.000000
Vehicles: 
 Inserted: 41
 Running: 0
 Waiting: 0

-------------------------------------------------------------------------------
['C:\\Program Files (x86)\\Eclipse\\Sumo\\bin\\duarouter', '-c', '2/iteration_002_bsd_001.duarcfg']
Loading configuration ... done.
Success.
-------------------------------------------------------------------------------
['C:\\Program Files (x86)\\Eclipse\\Sumo\\bin\\sumo', '-c', '2\\iteration_002.sumocfg']
Loading configuration ... done.
Loading net-file from '2\../BSD.net.xml' ... done (12779ms).
Loading additional-files from '2\dua_dump_002.add.xml' ... done (52ms).
Loading done.
Simulation version 1.8.0 started with time: 0.00
Simulation ended at time: 557.00
Reason: All vehicles have left the simulation.
Performance: 
 Duration: 0.37s
 Real time factor: 1526.03
 UPS: 16298.630137
Vehicles: 
 Inserted: 41
 Running: 0
 Waiting: 0

-------------------------------------------------------------------------------
['C:\\Program Files (x86)\\Eclipse\\Sumo\\bin\\duarouter', '-c', '3/iteration_003_bsd_002.duarcfg']
Loading configuration ... done.
Success.
-------------------------------------------------------------------------------
['C:\\Program Files (x86)\\Eclipse\\Sumo\\bin\\sumo', '-c', '3\\iteration_003.sumocfg']
Loading configuration ... done.
Loading net-file from '3\../BSD.net.xml' ... done (12666ms).
Loading additional-files from '3\dua_dump_003.add.xml' ... done (54ms).
Loading done.
Simulation version 1.8.0 started with time: 0.00
Simulation ended at time: 557.00
Reason: All vehicles have left the simulation.
Performance: 
 Duration: 0.38s
 Real time factor: 1469.66
 UPS: 15696.569921
Vehicles: 
 Inserted: 41
 Running: 0
 Waiting: 0

